<?xml version="1.0" encoding="UTF-8"?>
<!-- Generated by org.testng.reporters.JUnitXMLReporter -->
<testsuite hostname="DESKTOP-JC7NJGU" ignored="0" name="banktest" tests="2" failures="1" timestamp="2020-11-08T10:37:20 IST" time="104.558" errors="0">
  <testcase name="@BeforeClass setup" time="17.83" classname="com.inetbanking.TestCases.BaseClassRedcongfile">
    <failure type="org.openqa.selenium.SessionNotCreatedException" message="session not created
from chrome not reachable
  (Session info: chrome=86.0.4240.111)
Build info: version: &amp;apos;3.141.59&amp;apos;, revision: &amp;apos;e82be7d358&amp;apos;, time: &amp;apos;2018-11-14T08:17:03&amp;apos;
System info: host: &amp;apos;DESKTOP-JC7NJGU&amp;apos;, ip: &amp;apos;192.168.1.106&amp;apos;, os.name: &amp;apos;Windows 10&amp;apos;, os.arch: &amp;apos;amd64&amp;apos;, os.version: &amp;apos;10.0&amp;apos;, java.version: &amp;apos;1.8.0_172&amp;apos;
Driver info: driver.version: ChromeDriver
remote stacktrace: Backtrace:
	Ordinal0 [0x0063C013+3194899]
	Ordinal0 [0x00526021+2056225]
	Ordinal0 [0x003BF4B0+586928]
	Ordinal0 [0x003B5894+546964]
	Ordinal0 [0x003B5F2C+548652]
	Ordinal0 [0x003B7175+553333]
	Ordinal0 [0x003B241E+533534]
	Ordinal0 [0x003C0620+591392]
	Ordinal0 [0x00362A0C+207372]
	Ordinal0 [0x00361D0D+204045]
	Ordinal0 [0x0035FC1B+195611]
	Ordinal0 [0x00343B7F+80767]
	Ordinal0 [0x00344B4E+84814]
	Ordinal0 [0x00344AD9+84697]
	Ordinal0 [0x0053CE64+2149988]
	GetHandleVerifier [0x007ABE95+1400773]
	GetHandleVerifier [0x007ABB61+1399953]
	GetHandleVerifier [0x007B31FA+1430314]
	GetHandleVerifier [0x007AC69F+1402831]
	Ordinal0 [0x00533D61+2112865]
	Ordinal0 [0x0053E5CB+2155979]
	Ordinal0 [0x0053E6F5+2156277]
	Ordinal0 [0x0054F26E+2224750]
	BaseThreadInitThunk [0x75E0F989+25]
	RtlGetAppContainerNamedObjectPath [0x77427084+228]
	RtlGetAppContainerNamedObjectPath [0x77427054+180]
">
      <![CDATA[org.openqa.selenium.SessionNotCreatedException: session not created
from chrome not reachable
  (Session info: chrome=86.0.4240.111)
Build info: version: '3.141.59', revision: 'e82be7d358', time: '2018-11-14T08:17:03'
System info: host: 'DESKTOP-JC7NJGU', ip: '192.168.1.106', os.name: 'Windows 10', os.arch: 'amd64', os.version: '10.0', java.version: '1.8.0_172'
Driver info: driver.version: ChromeDriver
remote stacktrace: Backtrace:
Ordinal0 [0x0063C013+3194899]
Ordinal0 [0x00526021+2056225]
Ordinal0 [0x003BF4B0+586928]
Ordinal0 [0x003B5894+546964]
Ordinal0 [0x003B5F2C+548652]
Ordinal0 [0x003B7175+553333]
Ordinal0 [0x003B241E+533534]
Ordinal0 [0x003C0620+591392]
Ordinal0 [0x00362A0C+207372]
Ordinal0 [0x00361D0D+204045]
Ordinal0 [0x0035FC1B+195611]
Ordinal0 [0x00343B7F+80767]
Ordinal0 [0x00344B4E+84814]
Ordinal0 [0x00344AD9+84697]
Ordinal0 [0x0053CE64+2149988]
GetHandleVerifier [0x007ABE95+1400773]
GetHandleVerifier [0x007ABB61+1399953]
GetHandleVerifier [0x007B31FA+1430314]
GetHandleVerifier [0x007AC69F+1402831]
Ordinal0 [0x00533D61+2112865]
Ordinal0 [0x0053E5CB+2155979]
Ordinal0 [0x0053E6F5+2156277]
Ordinal0 [0x0054F26E+2224750]
BaseThreadInitThunk [0x75E0F989+25]
RtlGetAppContainerNamedObjectPath [0x77427084+228]
RtlGetAppContainerNamedObjectPath [0x77427054+180]

at org.openqa.selenium.remote.W3CHandshakeResponse.lambda$errorHandler$0(W3CHandshakeResponse.java:62)
at org.openqa.selenium.remote.HandshakeResponse.lambda$getResponseFunction$0(HandshakeResponse.java:30)
at org.openqa.selenium.remote.ProtocolHandshake.lambda$createSession$0(ProtocolHandshake.java:126)
at java.util.stream.ReferencePipeline$3$1.accept(ReferencePipeline.java:193)
at java.util.Spliterators$ArraySpliterator.tryAdvance(Spliterators.java:958)
at java.util.stream.ReferencePipeline.forEachWithCancel(ReferencePipeline.java:126)
at java.util.stream.AbstractPipeline.copyIntoWithCancel(AbstractPipeline.java:498)
at java.util.stream.AbstractPipeline.copyInto(AbstractPipeline.java:485)
at java.util.stream.AbstractPipeline.wrapAndCopyInto(AbstractPipeline.java:471)
at java.util.stream.FindOps$FindOp.evaluateSequential(FindOps.java:152)
at java.util.stream.AbstractPipeline.evaluate(AbstractPipeline.java:234)
at java.util.stream.ReferencePipeline.findFirst(ReferencePipeline.java:464)
at org.openqa.selenium.remote.ProtocolHandshake.createSession(ProtocolHandshake.java:128)
at org.openqa.selenium.remote.ProtocolHandshake.createSession(ProtocolHandshake.java:74)
at org.openqa.selenium.remote.HttpCommandExecutor.execute(HttpCommandExecutor.java:136)
at org.openqa.selenium.remote.service.DriverCommandExecutor.execute(DriverCommandExecutor.java:83)
at org.openqa.selenium.remote.RemoteWebDriver.execute(RemoteWebDriver.java:552)
at org.openqa.selenium.remote.RemoteWebDriver.startSession(RemoteWebDriver.java:213)
at org.openqa.selenium.remote.RemoteWebDriver.<init>(RemoteWebDriver.java:131)
at org.openqa.selenium.chrome.ChromeDriver.<init>(ChromeDriver.java:181)
at org.openqa.selenium.chrome.ChromeDriver.<init>(ChromeDriver.java:168)
at org.openqa.selenium.chrome.ChromeDriver.<init>(ChromeDriver.java:123)
at com.inetbanking.TestCases.BaseClassRedcongfile.setup(BaseClassRedcongfile.java:40)
at java.util.ArrayList.forEach(ArrayList.java:1257)
... Removed 32 stack frames]]>
    </failure>
  </testcase> <!-- @BeforeClass setup -->
  <testcase name="@AfterClass tearDown" time="-1.604812040209E9" classname="com.inetbanking.TestCases.BaseClassRedcongfile">
    <skipped/>
  </testcase> <!-- @AfterClass tearDown -->
  <testcase name="logintest" time="43.54" classname="com.inetbanking.TestCases.TC_LoginTest_001hardcodedata">
    <failure type="org.openqa.selenium.WebDriverException" message="chrome not reachable
  (Session info: chrome=86.0.4240.111)
Build info: version: &amp;apos;3.141.59&amp;apos;, revision: &amp;apos;e82be7d358&amp;apos;, time: &amp;apos;2018-11-14T08:17:03&amp;apos;
System info: host: &amp;apos;DESKTOP-JC7NJGU&amp;apos;, ip: &amp;apos;192.168.1.106&amp;apos;, os.name: &amp;apos;Windows 10&amp;apos;, os.arch: &amp;apos;amd64&amp;apos;, os.version: &amp;apos;10.0&amp;apos;, java.version: &amp;apos;1.8.0_172&amp;apos;
Driver info: org.openqa.selenium.chrome.ChromeDriver
Capabilities {acceptInsecureCerts: false, browserName: chrome, browserVersion: 86.0.4240.111, chrome: {chromedriverVersion: 86.0.4240.22 (398b0743353ff..., userDataDir: C:\Users\ambika\AppData\Loc...}, goog:chromeOptions: {debuggerAddress: localhost:50007}, javascriptEnabled: true, networkConnectionEnabled: false, pageLoadStrategy: normal, platform: WINDOWS, platformName: WINDOWS, proxy: Proxy(), setWindowRect: true, strictFileInteractability: false, timeouts: {implicit: 0, pageLoad: 300000, script: 30000}, unhandledPromptBehavior: dismiss and notify, webauthn:virtualAuthenticators: true}
Session ID: 1b9e159fd1ad71f8914b5fca9828e31a">
      <![CDATA[org.openqa.selenium.WebDriverException: chrome not reachable
  (Session info: chrome=86.0.4240.111)
Build info: version: '3.141.59', revision: 'e82be7d358', time: '2018-11-14T08:17:03'
System info: host: 'DESKTOP-JC7NJGU', ip: '192.168.1.106', os.name: 'Windows 10', os.arch: 'amd64', os.version: '10.0', java.version: '1.8.0_172'
Driver info: org.openqa.selenium.chrome.ChromeDriver
Capabilities {acceptInsecureCerts: false, browserName: chrome, browserVersion: 86.0.4240.111, chrome: {chromedriverVersion: 86.0.4240.22 (398b0743353ff..., userDataDir: C:\Users\ambika\AppData\Loc...}, goog:chromeOptions: {debuggerAddress: localhost:50007}, javascriptEnabled: true, networkConnectionEnabled: false, pageLoadStrategy: normal, platform: WINDOWS, platformName: WINDOWS, proxy: Proxy(), setWindowRect: true, strictFileInteractability: false, timeouts: {implicit: 0, pageLoad: 300000, script: 30000}, unhandledPromptBehavior: dismiss and notify, webauthn:virtualAuthenticators: true}
Session ID: 1b9e159fd1ad71f8914b5fca9828e31a
at org.openqa.selenium.remote.http.W3CHttpResponseCodec.createException(W3CHttpResponseCodec.java:187)
at org.openqa.selenium.remote.http.W3CHttpResponseCodec.decode(W3CHttpResponseCodec.java:122)
at org.openqa.selenium.remote.http.W3CHttpResponseCodec.decode(W3CHttpResponseCodec.java:49)
at org.openqa.selenium.remote.HttpCommandExecutor.execute(HttpCommandExecutor.java:158)
at org.openqa.selenium.remote.service.DriverCommandExecutor.execute(DriverCommandExecutor.java:83)
at org.openqa.selenium.remote.RemoteWebDriver.execute(RemoteWebDriver.java:552)
at org.openqa.selenium.remote.RemoteWebDriver.execute(RemoteWebDriver.java:609)
at org.openqa.selenium.remote.RemoteWebDriver.getTitle(RemoteWebDriver.java:281)
at com.inetbanking.TestCases.TC_LoginTest_001hardcodedata.logintest(TC_LoginTest_001hardcodedata.java:36)
at java.util.ArrayList.forEach(ArrayList.java:1257)
... Removed 34 stack frames]]>
    </failure>
  </testcase> <!-- logintest -->
  <testcase name="logintest" time="0.0" classname="com.inetbanking.TestCases.TC_LoginTest_001Redcongfile">
    <skipped/>
  </testcase> <!-- logintest -->
</testsuite> <!-- banktest -->
