<?xml version="1.0" encoding="UTF-8"?>
<!-- Generated by org.testng.reporters.JUnitReportReporter -->
<testsuite skipped="1" hostname="DESKTOP-JC7NJGU" name="com.inetbanking.TestCases.TC_LoginTest_001Redcongfile" tests="2" failures="0" timestamp="2020-11-08T10:37:23 IST" time="17.830" errors="1">
  <testcase name="setup" time="17.830" classname="com.inetbanking.TestCases.TC_LoginTest_001Redcongfile">
    <error type="org.openqa.selenium.SessionNotCreatedException" message="session not created
from chrome not reachable
  (Session info: chrome=86.0.4240.111)
Build info: version: &#039;3.141.59&#039;, revision: &#039;e82be7d358&#039;, time: &#039;2018-11-14T08:17:03&#039;
System info: host: &#039;DESKTOP-JC7NJGU&#039;, ip: &#039;192.168.1.106&#039;, os.name: &#039;Windows 10&#039;, os.arch: &#039;amd64&#039;, os.version: &#039;10.0&#039;, java.version: &#039;1.8.0_172&#039;
Driver info: driver.version: ChromeDriver
remote stacktrace: Backtrace:
	Ordinal0 [0x0063C013+3194899]
	Ordinal0 [0x00526021+2056225]
	Ordinal0 [0x003BF4B0+586928]
	Ordinal0 [0x003B5894+546964]
	Ordinal0 [0x003B5F2C+548652]
	Ordinal0 [0x003B7175+553333]
	Ordinal0 [0x003B241E+533534]
	Ordinal0 [0x003C0620+591392]
	Ordinal0 [0x00362A0C+207372]
	Ordinal0 [0x00361D0D+204045]
	Ordinal0 [0x0035FC1B+195611]
	Ordinal0 [0x00343B7F+80767]
	Ordinal0 [0x00344B4E+84814]
	Ordinal0 [0x00344AD9+84697]
	Ordinal0 [0x0053CE64+2149988]
	GetHandleVerifier [0x007ABE95+1400773]
	GetHandleVerifier [0x007ABB61+1399953]
	GetHandleVerifier [0x007B31FA+1430314]
	GetHandleVerifier [0x007AC69F+1402831]
	Ordinal0 [0x00533D61+2112865]
	Ordinal0 [0x0053E5CB+2155979]
	Ordinal0 [0x0053E6F5+2156277]
	Ordinal0 [0x0054F26E+2224750]
	BaseThreadInitThunk [0x75E0F989+25]
	RtlGetAppContainerNamedObjectPath [0x77427084+228]
	RtlGetAppContainerNamedObjectPath [0x77427054+180]
">
      <![CDATA[org.openqa.selenium.SessionNotCreatedException: session not created
from chrome not reachable
  (Session info: chrome=86.0.4240.111)
Build info: version: '3.141.59', revision: 'e82be7d358', time: '2018-11-14T08:17:03'
System info: host: 'DESKTOP-JC7NJGU', ip: '192.168.1.106', os.name: 'Windows 10', os.arch: 'amd64', os.version: '10.0', java.version: '1.8.0_172'
Driver info: driver.version: ChromeDriver
remote stacktrace: Backtrace:
Ordinal0 [0x0063C013+3194899]
Ordinal0 [0x00526021+2056225]
Ordinal0 [0x003BF4B0+586928]
Ordinal0 [0x003B5894+546964]
Ordinal0 [0x003B5F2C+548652]
Ordinal0 [0x003B7175+553333]
Ordinal0 [0x003B241E+533534]
Ordinal0 [0x003C0620+591392]
Ordinal0 [0x00362A0C+207372]
Ordinal0 [0x00361D0D+204045]
Ordinal0 [0x0035FC1B+195611]
Ordinal0 [0x00343B7F+80767]
Ordinal0 [0x00344B4E+84814]
Ordinal0 [0x00344AD9+84697]
Ordinal0 [0x0053CE64+2149988]
GetHandleVerifier [0x007ABE95+1400773]
GetHandleVerifier [0x007ABB61+1399953]
GetHandleVerifier [0x007B31FA+1430314]
GetHandleVerifier [0x007AC69F+1402831]
Ordinal0 [0x00533D61+2112865]
Ordinal0 [0x0053E5CB+2155979]
Ordinal0 [0x0053E6F5+2156277]
Ordinal0 [0x0054F26E+2224750]
BaseThreadInitThunk [0x75E0F989+25]
RtlGetAppContainerNamedObjectPath [0x77427084+228]
RtlGetAppContainerNamedObjectPath [0x77427054+180]

at sun.reflect.NativeConstructorAccessorImpl.newInstance0(Native Method)
at sun.reflect.NativeConstructorAccessorImpl.newInstance(NativeConstructorAccessorImpl.java:62)
at sun.reflect.DelegatingConstructorAccessorImpl.newInstance(DelegatingConstructorAccessorImpl.java:45)
at java.lang.reflect.Constructor.newInstance(Constructor.java:423)
at org.openqa.selenium.remote.W3CHandshakeResponse.lambda$errorHandler$0(W3CHandshakeResponse.java:62)
at org.openqa.selenium.remote.HandshakeResponse.lambda$getResponseFunction$0(HandshakeResponse.java:30)
at org.openqa.selenium.remote.ProtocolHandshake.lambda$createSession$0(ProtocolHandshake.java:126)
at java.util.stream.ReferencePipeline$3$1.accept(ReferencePipeline.java:193)
at java.util.Spliterators$ArraySpliterator.tryAdvance(Spliterators.java:958)
at java.util.stream.ReferencePipeline.forEachWithCancel(ReferencePipeline.java:126)
at java.util.stream.AbstractPipeline.copyIntoWithCancel(AbstractPipeline.java:498)
at java.util.stream.AbstractPipeline.copyInto(AbstractPipeline.java:485)
at java.util.stream.AbstractPipeline.wrapAndCopyInto(AbstractPipeline.java:471)
at java.util.stream.FindOps$FindOp.evaluateSequential(FindOps.java:152)
at java.util.stream.AbstractPipeline.evaluate(AbstractPipeline.java:234)
at java.util.stream.ReferencePipeline.findFirst(ReferencePipeline.java:464)
at org.openqa.selenium.remote.ProtocolHandshake.createSession(ProtocolHandshake.java:128)
at org.openqa.selenium.remote.ProtocolHandshake.createSession(ProtocolHandshake.java:74)
at org.openqa.selenium.remote.HttpCommandExecutor.execute(HttpCommandExecutor.java:136)
at org.openqa.selenium.remote.service.DriverCommandExecutor.execute(DriverCommandExecutor.java:83)
at org.openqa.selenium.remote.RemoteWebDriver.execute(RemoteWebDriver.java:552)
at org.openqa.selenium.remote.RemoteWebDriver.startSession(RemoteWebDriver.java:213)
at org.openqa.selenium.remote.RemoteWebDriver.<init>(RemoteWebDriver.java:131)
at org.openqa.selenium.chrome.ChromeDriver.<init>(ChromeDriver.java:181)
at org.openqa.selenium.chrome.ChromeDriver.<init>(ChromeDriver.java:168)
at org.openqa.selenium.chrome.ChromeDriver.<init>(ChromeDriver.java:123)
at com.inetbanking.TestCases.BaseClassRedcongfile.setup(BaseClassRedcongfile.java:40)
at sun.reflect.NativeMethodAccessorImpl.invoke0(Native Method)
at sun.reflect.NativeMethodAccessorImpl.invoke(NativeMethodAccessorImpl.java:62)
at sun.reflect.DelegatingMethodAccessorImpl.invoke(DelegatingMethodAccessorImpl.java:43)
at java.lang.reflect.Method.invoke(Method.java:498)
at org.testng.internal.MethodInvocationHelper.invokeMethod(MethodInvocationHelper.java:134)
at org.testng.internal.MethodInvocationHelper.invokeMethodConsideringTimeout(MethodInvocationHelper.java:63)
at org.testng.internal.ConfigInvoker.invokeConfigurationMethod(ConfigInvoker.java:348)
at org.testng.internal.ConfigInvoker.invokeConfigurations(ConfigInvoker.java:302)
at org.testng.internal.TestMethodWorker.invokeBeforeClassMethods(TestMethodWorker.java:176)
at org.testng.internal.TestMethodWorker.run(TestMethodWorker.java:122)
at java.util.ArrayList.forEach(ArrayList.java:1257)
at org.testng.TestRunner.privateRun(TestRunner.java:766)
at org.testng.TestRunner.run(TestRunner.java:587)
at org.testng.SuiteRunner.runTest(SuiteRunner.java:384)
at org.testng.SuiteRunner.runSequentially(SuiteRunner.java:378)
at org.testng.SuiteRunner.privateRun(SuiteRunner.java:337)
at org.testng.SuiteRunner.run(SuiteRunner.java:286)
at org.testng.SuiteRunnerWorker.runSuite(SuiteRunnerWorker.java:53)
at org.testng.SuiteRunnerWorker.run(SuiteRunnerWorker.java:96)
at org.testng.TestNG.runSuitesSequentially(TestNG.java:1187)
at org.testng.TestNG.runSuitesLocally(TestNG.java:1109)
at org.testng.TestNG.runSuites(TestNG.java:1039)
at org.testng.TestNG.run(TestNG.java:1007)
at org.apache.maven.surefire.testng.TestNGExecutor.run(TestNGExecutor.java:295)
at org.apache.maven.surefire.testng.TestNGXmlTestSuite.execute(TestNGXmlTestSuite.java:84)
at org.apache.maven.surefire.testng.TestNGProvider.invoke(TestNGProvider.java:90)
at org.apache.maven.surefire.booter.ForkedBooter.invokeProviderInSameClassLoader(ForkedBooter.java:203)
at org.apache.maven.surefire.booter.ForkedBooter.runSuitesInProcess(ForkedBooter.java:155)
at org.apache.maven.surefire.booter.ForkedBooter.main(ForkedBooter.java:103)
]]>
    </error>
  </testcase> <!-- setup -->
  <system-out/>
  <testcase name="logintest" time="0.000" classname="com.inetbanking.TestCases.TC_LoginTest_001Redcongfile">
    <skipped/>
  </testcase> <!-- logintest -->
  <system-out/>
</testsuite> <!-- com.inetbanking.TestCases.TC_LoginTest_001Redcongfile -->
